The system is: Linux - sh: 0: getcwd() failed: No such file or directory
4.15.0-189-generic - sh: 0: getcwd() failed: No such file or directory
x86_64
Determining if the C compiler works passed with the following output:
Change Dir: /home/fengpeng/String/build/CMakeFiles/CMakeTmp

Run Build Command:"/usr/bin/make" "cmTC_2e7ab/fast"
/usr/bin/make -f CMakeFiles/cmTC_2e7ab.dir/build.make CMakeFiles/cmTC_2e7ab.dir/build
make[1]: 进入目录“/home/fengpeng/String/build/CMakeFiles/CMakeTmp”
Building C object CMakeFiles/cmTC_2e7ab.dir/testCCompiler.c.o
/usr/bin/gcc-7    -o CMakeFiles/cmTC_2e7ab.dir/testCCompiler.c.o   -c /home/fengpeng/String/build/CMakeFiles/CMakeTmp/testCCompiler.c
Linking C executable cmTC_2e7ab
/usr/bin/cmake -E cmake_link_script CMakeFiles/cmTC_2e7ab.dir/link.txt --verbose=1
/usr/bin/gcc-7      CMakeFiles/cmTC_2e7ab.dir/testCCompiler.c.o  -o cmTC_2e7ab 
make[1]: 离开目录“/home/fengpeng/String/build/CMakeFiles/CMakeTmp”


Detecting C compiler ABI info compiled with the following output:
Change Dir: /home/fengpeng/String/build/CMakeFiles/CMakeTmp

Run Build Command:"/usr/bin/make" "cmTC_3b304/fast"
/usr/bin/make -f CMakeFiles/cmTC_3b304.dir/build.make CMakeFiles/cmTC_3b304.dir/build
make[1]: 进入目录“/home/fengpeng/String/build/CMakeFiles/CMakeTmp”
Building C object CMakeFiles/cmTC_3b304.dir/CMakeCCompilerABI.c.o
/usr/bin/gcc-7    -o CMakeFiles/cmTC_3b304.dir/CMakeCCompilerABI.c.o   -c /usr/share/cmake-3.10/Modules/CMakeCCompilerABI.c
Linking C executable cmTC_3b304
/usr/bin/cmake -E cmake_link_script CMakeFiles/cmTC_3b304.dir/link.txt --verbose=1
/usr/bin/gcc-7      CMakeFiles/cmTC_3b304.dir/CMakeCCompilerABI.c.o  -o cmTC_3b304 
make[1]: 离开目录“/home/fengpeng/String/build/CMakeFiles/CMakeTmp”


Determining if the CXX compiler works passed with the following output:
Change Dir: /home/fengpeng/String/build/CMakeFiles/CMakeTmp

Run Build Command:"/usr/bin/make" "cmTC_a47f4/fast"
/usr/bin/make -f CMakeFiles/cmTC_a47f4.dir/build.make CMakeFiles/cmTC_a47f4.dir/build
make[1]: 进入目录“/home/fengpeng/String/build/CMakeFiles/CMakeTmp”
Building CXX object CMakeFiles/cmTC_a47f4.dir/testCXXCompiler.cxx.o
/usr/bin/g++-7     -o CMakeFiles/cmTC_a47f4.dir/testCXXCompiler.cxx.o -c /home/fengpeng/String/build/CMakeFiles/CMakeTmp/testCXXCompiler.cxx
Linking CXX executable cmTC_a47f4
/usr/bin/cmake -E cmake_link_script CMakeFiles/cmTC_a47f4.dir/link.txt --verbose=1
/usr/bin/g++-7       CMakeFiles/cmTC_a47f4.dir/testCXXCompiler.cxx.o  -o cmTC_a47f4 
make[1]: 离开目录“/home/fengpeng/String/build/CMakeFiles/CMakeTmp”


Detecting CXX compiler ABI info compiled with the following output:
Change Dir: /home/fengpeng/String/build/CMakeFiles/CMakeTmp

Run Build Command:"/usr/bin/make" "cmTC_86a58/fast"
/usr/bin/make -f CMakeFiles/cmTC_86a58.dir/build.make CMakeFiles/cmTC_86a58.dir/build
make[1]: 进入目录“/home/fengpeng/String/build/CMakeFiles/CMakeTmp”
Building CXX object CMakeFiles/cmTC_86a58.dir/CMakeCXXCompilerABI.cpp.o
/usr/bin/g++-7     -o CMakeFiles/cmTC_86a58.dir/CMakeCXXCompilerABI.cpp.o -c /usr/share/cmake-3.10/Modules/CMakeCXXCompilerABI.cpp
Linking CXX executable cmTC_86a58
/usr/bin/cmake -E cmake_link_script CMakeFiles/cmTC_86a58.dir/link.txt --verbose=1
/usr/bin/g++-7       CMakeFiles/cmTC_86a58.dir/CMakeCXXCompilerABI.cpp.o  -o cmTC_86a58 
make[1]: 离开目录“/home/fengpeng/String/build/CMakeFiles/CMakeTmp”


