c:\users\fengpeng\desktop\razor-master\project\debug\vc120.pdb
c:\users\fengpeng\desktop\razor-master\project\debug\vc120.idb
c:\users\fengpeng\desktop\razor-master\project\debug\bitrate_controller.obj
c:\users\fengpeng\desktop\razor-master\project\debug\cc_loss_stat.obj
c:\users\fengpeng\desktop\razor-master\project\debug\delay_base_bwe.obj
c:\users\fengpeng\desktop\razor-master\project\debug\estimator_common.obj
c:\users\fengpeng\desktop\razor-master\project\debug\cc_feedback_adapter.obj
c:\users\fengpeng\desktop\razor-master\project\debug\inter_arrival.obj
c:\users\fengpeng\desktop\razor-master\project\debug\kalman_filter.obj
c:\users\fengpeng\desktop\razor-master\project\debug\overuse_detector.obj
c:\users\fengpeng\desktop\razor-master\project\debug\rate_stat.obj
c:\users\fengpeng\desktop\razor-master\project\debug\remote_bitrate_estimator.obj
c:\users\fengpeng\desktop\razor-master\project\debug\remote_estimator_proxy.obj
c:\users\fengpeng\desktop\razor-master\project\debug\sender_bandwidth_estimator.obj
c:\users\fengpeng\desktop\razor-master\project\debug\sender_history.obj
c:\users\fengpeng\desktop\razor-master\project\debug\trendline.obj
c:\users\fengpeng\desktop\razor-master\project\debug\alr_detector.obj
c:\users\fengpeng\desktop\razor-master\project\debug\interval_budget.obj
c:\users\fengpeng\desktop\razor-master\project\debug\pacer_queue.obj
c:\users\fengpeng\desktop\razor-master\project\debug\pace_sender.obj
c:\users\fengpeng\desktop\razor-master\project\debug\remb_receiver.obj
c:\users\fengpeng\desktop\razor-master\project\debug\remb_sender.obj
c:\users\fengpeng\desktop\razor-master\project\debug\bbr_feedback_adpater.obj
c:\users\fengpeng\desktop\razor-master\project\debug\bbr_loss_rate_filter.obj
c:\users\fengpeng\desktop\razor-master\project\debug\bbr_pacer.obj
c:\users\fengpeng\desktop\razor-master\project\debug\bbr_receiver.obj
c:\users\fengpeng\desktop\razor-master\project\debug\bbr_rtt_stats.obj
c:\users\fengpeng\desktop\razor-master\project\debug\bbr_sender.obj
c:\users\fengpeng\desktop\razor-master\project\debug\windowed_filter.obj
c:\users\fengpeng\desktop\razor-master\project\debug\razor_api.obj
c:\users\fengpeng\desktop\razor-master\project\debug\razor_log.obj
c:\users\fengpeng\desktop\razor-master\project\debug\receiver_congestion_controller.obj
c:\users\fengpeng\desktop\razor-master\project\debug\sender_congestion_controller.obj
c:\users\fengpeng\desktop\razor-master\project\debug\cf_crc32.obj
c:\users\fengpeng\desktop\razor-master\project\debug\cf_hex.obj
c:\users\fengpeng\desktop\razor-master\project\debug\cf_list.obj
c:\users\fengpeng\desktop\razor-master\project\debug\cf_skiplist.obj
c:\users\fengpeng\desktop\razor-master\project\debug\cf_stream.obj
c:\users\fengpeng\desktop\razor-master\project\debug\cf_unwrapper.obj
c:\users\fengpeng\desktop\razor-master\project\debug\mscc.obj
c:\users\fengpeng\desktop\razor-master\project\debug\ack_bitrate_estimator.obj
c:\users\fengpeng\desktop\razor-master\project\debug\aimd_rate_control.obj
c:\users\fengpeng\desktop\razor-master\project\debug\bbr_bandwidth_sample.obj
c:\users\fengpeng\desktop\razor-master\project\debug\bbr_common.obj
c:\users\fengpeng\desktop\razor-master\project\debug\bbr_controller.obj
c:\users\fengpeng\desktop\razor-master\sim_test\echo\debug\razor.lib
c:\users\fengpeng\desktop\razor-master\project\debug\razor.tlog\cl.command.1.tlog
c:\users\fengpeng\desktop\razor-master\project\debug\razor.tlog\cl.read.1.tlog
c:\users\fengpeng\desktop\razor-master\project\debug\razor.tlog\cl.write.1.tlog
c:\users\fengpeng\desktop\razor-master\project\debug\razor.tlog\lib-link.read.1.tlog
c:\users\fengpeng\desktop\razor-master\project\debug\razor.tlog\lib-link.write.1.tlog
c:\users\fengpeng\desktop\razor-master\project\debug\razor.tlog\lib.command.1.tlog
